<?xml version="1.0" encoding="UTF-8"?>
<!-- Generated by org.testng.reporters.JUnitReportReporter -->
<testsuite skipped="0" hostname="DESKTOP-MD28Q7M" name="testscript.Tc1Test" tests="1" failures="0" timestamp="2023-07-14T18:36:15 IST" time="20.444" errors="0">
  <testcase name="createContactWithMandField" time="20.444" classname="testscript.Tc1Test"/>
  <system-out/>
</testsuite> <!-- testscript.Tc1Test -->
