<?xml version="1.0" encoding="UTF-8"?>
<!-- Generated by org.testng.reporters.JUnitReportReporter -->
<testsuite skipped="0" hostname="DESKTOP-MD28Q7M" name="testscript.Tc4Test" tests="1" failures="0" timestamp="2023-07-14T09:24:35 IST" time="10.168" errors="0">
  <testcase name="createOrganizationWithTypeAndIndustry" time="10.168" classname="testscript.Tc4Test"/>
  <system-out/>
</testsuite> <!-- testscript.Tc4Test -->
