<?xml version="1.0" encoding="UTF-8"?>
<!-- Generated by org.testng.reporters.JUnitReportReporter -->
<testsuite skipped="0" hostname="DESKTOP-MD28Q7M" name="testscript.Tc2Test" tests="1" failures="0" timestamp="2023-07-14T18:36:15 IST" time="15.458" errors="0">
  <testcase name="createOrganizationWithMandateryField" time="15.458" classname="testscript.Tc2Test"/>
  <system-out/>
</testsuite> <!-- testscript.Tc2Test -->
