<?xml version="1.0" encoding="UTF-8"?>
<!-- Generated by org.testng.reporters.JUnitReportReporter -->
<testsuite skipped="0" hostname="DESKTOP-MD28Q7M" name="testscript.Tc8Test" tests="1" failures="0" timestamp="2023-07-14T11:10:57 IST" time="11.310" errors="0">
  <testcase name="newEvent" time="11.310" classname="testscript.Tc8Test"/>
  <system-out/>
</testsuite> <!-- testscript.Tc8Test -->
