<?xml version="1.0" encoding="UTF-8"?>
<!-- Generated by org.testng.reporters.JUnitReportReporter -->
<testsuite skipped="0" hostname="DESKTOP-MD28Q7M" name="testscript.Tc1Test" tests="1" failures="0" timestamp="2023-07-14T09:22:36 IST" time="43.787" errors="0">
  <testcase name="createContactWithMandField" time="43.787" classname="testscript.Tc1Test"/>
  <system-out/>
</testsuite> <!-- testscript.Tc1Test -->
