<?xml version="1.0" encoding="UTF-8"?>
<!-- Generated by org.testng.reporters.JUnitReportReporter -->
<testsuite skipped="0" hostname="DESKTOP-MD28Q7M" name="testscript.Tc7Test" tests="1" failures="0" timestamp="2023-07-14T09:27:15 IST" time="15.118" errors="0">
  <testcase name="deleteExistinglead" time="15.118" classname="testscript.Tc7Test"/>
  <system-out/>
</testsuite> <!-- testscript.Tc7Test -->
