<?xml version="1.0" encoding="UTF-8"?>
<!-- Generated by org.testng.reporters.JUnitReportReporter -->
<testsuite skipped="0" hostname="DESKTOP-MD28Q7M" name="testscript.Tc3Test" tests="1" failures="0" timestamp="2023-07-14T09:24:04 IST" time="31.644" errors="0">
  <testcase name="LeadDuplicate" time="31.644" classname="testscript.Tc3Test"/>
  <system-out/>
</testsuite> <!-- testscript.Tc3Test -->
